2025-12-13 13:28:51,532 - __main__ - INFO - 🤖 Telegram бот для клиентов запущен!
2025-12-13 13:28:51,765 - httpx - INFO - HTTP Request: POST https://api.telegram.org/bot8546494378:AAEXpAgazUGMSXi282M56uhnLBD7fwQ3UzU/getMe "HTTP/1.1 200 OK"
2025-12-13 13:28:51,839 - httpx - INFO - HTTP Request: POST https://api.telegram.org/bot8546494378:AAEXpAgazUGMSXi282M56uhnLBD7fwQ3UzU/deleteWebhook "HTTP/1.1 200 OK"
2025-12-13 13:28:51,840 - apscheduler.scheduler - INFO - Scheduler started
2025-12-13 13:28:51,841 - telegram.ext.Application - INFO - Application started
2025-12-13 13:29:02,096 - httpx - INFO - HTTP Request: POST https://api.telegram.org/bot8546494378:AAEXpAgazUGMSXi282M56uhnLBD7fwQ3UzU/getUpdates "HTTP/1.1 200 OK"
2025-12-13 13:29:12,188 - httpx - INFO - HTTP Request: POST https://api.telegram.org/bot8546494378:AAEXpAgazUGMSXi282M56uhnLBD7fwQ3UzU/getUpdates "HTTP/1.1 200 OK"
2025-12-13 13:29:22,271 - httpx - INFO - HTTP Request: POST https://api.telegram.org/bot8546494378:AAEXpAgazUGMSXi282M56uhnLBD7fwQ3UzU/getUpdates "HTTP/1.1 200 OK"
2025-12-13 13:29:32,360 - httpx - INFO - HTTP Request: POST https://api.telegram.org/bot8546494378:AAEXpAgazUGMSXi282M56uhnLBD7fwQ3UzU/getUpdates "HTTP/1.1 200 OK"
2025-12-13 13:29:42,444 - httpx - INFO - HTTP Request: POST https://api.telegram.org/bot8546494378:AAEXpAgazUGMSXi282M56uhnLBD7fwQ3UzU/getUpdates "HTTP/1.1 200 OK"
2025-12-13 13:29:52,532 - httpx - INFO - HTTP Request: POST https://api.telegram.org/bot8546494378:AAEXpAgazUGMSXi282M56uhnLBD7fwQ3UzU/getUpdates "HTTP/1.1 200 OK"
2025-12-13 13:30:02,613 - httpx - INFO - HTTP Request: POST https://api.telegram.org/bot8546494378:AAEXpAgazUGMSXi282M56uhnLBD7fwQ3UzU/getUpdates "HTTP/1.1 200 OK"
2025-12-13 13:30:12,696 - httpx - INFO - HTTP Request: POST https://api.telegram.org/bot8546494378:AAEXpAgazUGMSXi282M56uhnLBD7fwQ3UzU/getUpdates "HTTP/1.1 200 OK"
2025-12-13 13:30:22,778 - httpx - INFO - HTTP Request: POST https://api.telegram.org/bot8546494378:AAEXpAgazUGMSXi282M56uhnLBD7fwQ3UzU/getUpdates "HTTP/1.1 200 OK"
2025-12-13 13:30:32,861 - httpx - INFO - HTTP Request: POST https://api.telegram.org/bot8546494378:AAEXpAgazUGMSXi282M56uhnLBD7fwQ3UzU/getUpdates "HTTP/1.1 200 OK"
2025-12-13 13:30:42,955 - httpx - INFO - HTTP Request: POST https://api.telegram.org/bot8546494378:AAEXpAgazUGMSXi282M56uhnLBD7fwQ3UzU/getUpdates "HTTP/1.1 200 OK"
2025-12-13 13:30:53,064 - httpx - INFO - HTTP Request: POST https://api.telegram.org/bot8546494378:AAEXpAgazUGMSXi282M56uhnLBD7fwQ3UzU/getUpdates "HTTP/1.1 200 OK"
2025-12-13 13:30:57,646 - httpx - INFO - HTTP Request: POST https://api.telegram.org/bot8546494378:AAEXpAgazUGMSXi282M56uhnLBD7fwQ3UzU/getUpdates "HTTP/1.1 200 OK"
2025-12-13 13:30:57,956 - httpx - INFO - HTTP Request: POST https://api.telegram.org/bot8546494378:AAEXpAgazUGMSXi282M56uhnLBD7fwQ3UzU/sendMessage "HTTP/1.1 200 OK"
2025-12-13 13:30:58,064 - httpx - INFO - HTTP Request: POST https://api.telegram.org/bot8546494378:AAEXpAgazUGMSXi282M56uhnLBD7fwQ3UzU/sendMessage "HTTP/1.1 200 OK"
2025-12-13 13:31:07,737 - httpx - INFO - HTTP Request: POST https://api.telegram.org/bot8546494378:AAEXpAgazUGMSXi282M56uhnLBD7fwQ3UzU/getUpdates "HTTP/1.1 200 OK"
2025-12-13 13:31:17,858 - httpx - INFO - HTTP Request: POST https://api.telegram.org/bot8546494378:AAEXpAgazUGMSXi282M56uhnLBD7fwQ3UzU/getUpdates "HTTP/1.1 200 OK"
2025-12-13 13:31:27,942 - httpx - INFO - HTTP Request: POST https://api.telegram.org/bot8546494378:AAEXpAgazUGMSXi282M56uhnLBD7fwQ3UzU/getUpdates "HTTP/1.1 200 OK"
2025-12-13 13:31:38,025 - httpx - INFO - HTTP Request: POST https://api.telegram.org/bot8546494378:AAEXpAgazUGMSXi282M56uhnLBD7fwQ3UzU/getUpdates "HTTP/1.1 200 OK"
2025-12-13 13:31:48,116 - httpx - INFO - HTTP Request: POST https://api.telegram.org/bot8546494378:AAEXpAgazUGMSXi282M56uhnLBD7fwQ3UzU/getUpdates "HTTP/1.1 200 OK"
2025-12-13 13:31:58,213 - httpx - INFO - HTTP Request: POST https://api.telegram.org/bot8546494378:AAEXpAgazUGMSXi282M56uhnLBD7fwQ3UzU/getUpdates "HTTP/1.1 200 OK"
2025-12-13 13:32:08,296 - httpx - INFO - HTTP Request: POST https://api.telegram.org/bot8546494378:AAEXpAgazUGMSXi282M56uhnLBD7fwQ3UzU/getUpdates "HTTP/1.1 200 OK"
2025-12-13 13:32:18,376 - httpx - INFO - HTTP Request: POST https://api.telegram.org/bot8546494378:AAEXpAgazUGMSXi282M56uhnLBD7fwQ3UzU/getUpdates "HTTP/1.1 200 OK"
2025-12-13 13:32:28,456 - httpx - INFO - HTTP Request: POST https://api.telegram.org/bot8546494378:AAEXpAgazUGMSXi282M56uhnLBD7fwQ3UzU/getUpdates "HTTP/1.1 200 OK"
2025-12-13 13:32:38,539 - httpx - INFO - HTTP Request: POST https://api.telegram.org/bot8546494378:AAEXpAgazUGMSXi282M56uhnLBD7fwQ3UzU/getUpdates "HTTP/1.1 200 OK"
2025-12-13 13:32:48,624 - httpx - INFO - HTTP Request: POST https://api.telegram.org/bot8546494378:AAEXpAgazUGMSXi282M56uhnLBD7fwQ3UzU/getUpdates "HTTP/1.1 200 OK"
2025-12-13 13:32:58,705 - httpx - INFO - HTTP Request: POST https://api.telegram.org/bot8546494378:AAEXpAgazUGMSXi282M56uhnLBD7fwQ3UzU/getUpdates "HTTP/1.1 200 OK"
2025-12-13 13:33:08,786 - httpx - INFO - HTTP Request: POST https://api.telegram.org/bot8546494378:AAEXpAgazUGMSXi282M56uhnLBD7fwQ3UzU/getUpdates "HTTP/1.1 200 OK"
2025-12-13 13:33:18,872 - httpx - INFO - HTTP Request: POST https://api.telegram.org/bot8546494378:AAEXpAgazUGMSXi282M56uhnLBD7fwQ3UzU/getUpdates "HTTP/1.1 200 OK"
2025-12-13 13:33:28,958 - httpx - INFO - HTTP Request: POST https://api.telegram.org/bot8546494378:AAEXpAgazUGMSXi282M56uhnLBD7fwQ3UzU/getUpdates "HTTP/1.1 200 OK"
2025-12-13 13:33:39,046 - httpx - INFO - HTTP Request: POST https://api.telegram.org/bot8546494378:AAEXpAgazUGMSXi282M56uhnLBD7fwQ3UzU/getUpdates "HTTP/1.1 200 OK"
2025-12-13 13:33:49,126 - httpx - INFO - HTTP Request: POST https://api.telegram.org/bot8546494378:AAEXpAgazUGMSXi282M56uhnLBD7fwQ3UzU/getUpdates "HTTP/1.1 200 OK"
2025-12-13 13:33:59,255 - httpx - INFO - HTTP Request: POST https://api.telegram.org/bot8546494378:AAEXpAgazUGMSXi282M56uhnLBD7fwQ3UzU/getUpdates "HTTP/1.1 200 OK"
2025-12-13 13:34:09,348 - httpx - INFO - HTTP Request: POST https://api.telegram.org/bot8546494378:AAEXpAgazUGMSXi282M56uhnLBD7fwQ3UzU/getUpdates "HTTP/1.1 200 OK"
2025-12-13 13:34:19,433 - httpx - INFO - HTTP Request: POST https://api.telegram.org/bot8546494378:AAEXpAgazUGMSXi282M56uhnLBD7fwQ3UzU/getUpdates "HTTP/1.1 200 OK"
2025-12-13 13:34:29,530 - httpx - INFO - HTTP Request: POST https://api.telegram.org/bot8546494378:AAEXpAgazUGMSXi282M56uhnLBD7fwQ3UzU/getUpdates "HTTP/1.1 200 OK"
2025-12-13 13:34:39,620 - httpx - INFO - HTTP Request: POST https://api.telegram.org/bot8546494378:AAEXpAgazUGMSXi282M56uhnLBD7fwQ3UzU/getUpdates "HTTP/1.1 200 OK"
2025-12-13 13:34:49,729 - httpx - INFO - HTTP Request: POST https://api.telegram.org/bot8546494378:AAEXpAgazUGMSXi282M56uhnLBD7fwQ3UzU/getUpdates "HTTP/1.1 200 OK"
2025-12-13 13:34:59,823 - httpx - INFO - HTTP Request: POST https://api.telegram.org/bot8546494378:AAEXpAgazUGMSXi282M56uhnLBD7fwQ3UzU/getUpdates "HTTP/1.1 200 OK"
2025-12-13 13:35:09,905 - httpx - INFO - HTTP Request: POST https://api.telegram.org/bot8546494378:AAEXpAgazUGMSXi282M56uhnLBD7fwQ3UzU/getUpdates "HTTP/1.1 200 OK"
2025-12-13 13:35:20,003 - httpx - INFO - HTTP Request: POST https://api.telegram.org/bot8546494378:AAEXpAgazUGMSXi282M56uhnLBD7fwQ3UzU/getUpdates "HTTP/1.1 200 OK"
2025-12-13 13:35:30,104 - httpx - INFO - HTTP Request: POST https://api.telegram.org/bot8546494378:AAEXpAgazUGMSXi282M56uhnLBD7fwQ3UzU/getUpdates "HTTP/1.1 200 OK"
2025-12-13 13:35:40,193 - httpx - INFO - HTTP Request: POST https://api.telegram.org/bot8546494378:AAEXpAgazUGMSXi282M56uhnLBD7fwQ3UzU/getUpdates "HTTP/1.1 200 OK"
2025-12-13 13:35:50,279 - httpx - INFO - HTTP Request: POST https://api.telegram.org/bot8546494378:AAEXpAgazUGMSXi282M56uhnLBD7fwQ3UzU/getUpdates "HTTP/1.1 200 OK"
2025-12-13 13:36:00,362 - httpx - INFO - HTTP Request: POST https://api.telegram.org/bot8546494378:AAEXpAgazUGMSXi282M56uhnLBD7fwQ3UzU/getUpdates "HTTP/1.1 200 OK"
2025-12-13 13:36:10,450 - httpx - INFO - HTTP Request: POST https://api.telegram.org/bot8546494378:AAEXpAgazUGMSXi282M56uhnLBD7fwQ3UzU/getUpdates "HTTP/1.1 200 OK"
2025-12-13 13:36:20,537 - httpx - INFO - HTTP Request: POST https://api.telegram.org/bot8546494378:AAEXpAgazUGMSXi282M56uhnLBD7fwQ3UzU/getUpdates "HTTP/1.1 200 OK"
2025-12-13 13:36:30,140 - httpx - INFO - HTTP Request: POST https://api.telegram.org/bot8546494378:AAEXpAgazUGMSXi282M56uhnLBD7fwQ3UzU/getUpdates "HTTP/1.1 200 OK"
2025-12-13 13:36:30,141 - telegram.ext.Application - INFO - Application is stopping. This might take a moment.
2025-12-13 13:36:30,142 - apscheduler.scheduler - INFO - Scheduler has been shut down
2025-12-13 13:36:30,152 - telegram.ext.Application - INFO - Application.stop() complete
